<?xml version="1.0" encoding="UTF-8"?>
<testng-results ignored="0" total="1" passed="1" failed="0" skipped="0">
  <reporter-output>
  </reporter-output>
  <suite started-at="2022-04-27T21:45:43 IST" name="Suite" finished-at="2022-04-27T21:45:47 IST" duration-ms="4271">
    <groups>
    </groups>
    <test started-at="2022-04-27T21:45:43 IST" name="Test1" finished-at="2022-04-27T21:45:47 IST" duration-ms="4271">
      <class name="Test1.Test">
        <test-method signature="main(java.lang.String)[pri:0, instance:Test1.Test@342c38f8]" started-at="2022-04-27T21:45:43 IST" name="main" finished-at="2022-04-27T21:45:47 IST" duration-ms="4251" status="PASS">
          <params>
            <param index="0">
              <value>
                <![CDATA[Chrome]]>
              </value>
            </param>
          </params>
          <reporter-output>
          </reporter-output>
        </test-method> <!-- main -->
      </class> <!-- Test1.Test -->
    </test> <!-- Test1 -->
  </suite> <!-- Suite -->
</testng-results>
