<?xml version="1.0" encoding="UTF-8"?>
<testng-results ignored="0" total="1" passed="1" failed="0" skipped="0">
  <reporter-output>
  </reporter-output>
  <suite started-at="2022-04-27T21:27:02 IST" name="Default suite" finished-at="2022-04-27T21:27:08 IST" duration-ms="6849">
    <groups>
    </groups>
    <test started-at="2022-04-27T21:27:02 IST" name="Default test" finished-at="2022-04-27T21:27:08 IST" duration-ms="6849">
      <class name="Test1.Test">
        <test-method signature="main()[pri:0, instance:Test1.Test@1a6d8329]" started-at="2022-04-27T21:27:02 IST" name="main" finished-at="2022-04-27T21:27:08 IST" duration-ms="6821" status="PASS">
          <reporter-output>
          </reporter-output>
        </test-method> <!-- main -->
      </class> <!-- Test1.Test -->
    </test> <!-- Default test -->
  </suite> <!-- Default suite -->
</testng-results>
